Determining if the pthread_create exist failed with the following output:
Change Dir: /home/iristich/CLionProjects/PlayingWithGtest/cmake-build-debug/CMakeFiles/CMakeTmp

Run Build Command:"/usr/bin/make" "cmTC_a67e4/fast"
make[1]: Entering directory '/home/iristich/CLionProjects/PlayingWithGtest/cmake-build-debug/CMakeFiles/CMakeTmp'
/usr/bin/make -f CMakeFiles/cmTC_a67e4.dir/build.make CMakeFiles/cmTC_a67e4.dir/build
make[2]: Entering directory '/home/iristich/CLionProjects/PlayingWithGtest/cmake-build-debug/CMakeFiles/CMakeTmp'
Building C object CMakeFiles/cmTC_a67e4.dir/CheckSymbolExists.c.o
/usr/bin/cc    -o CMakeFiles/cmTC_a67e4.dir/CheckSymbolExists.c.o   -c /home/iristich/CLionProjects/PlayingWithGtest/cmake-build-debug/CMakeFiles/CMakeTmp/CheckSymbolExists.c
Linking C executable cmTC_a67e4
/opt/clion-2018.2/bin/cmake/linux/bin/cmake -E cmake_link_script CMakeFiles/cmTC_a67e4.dir/link.txt --verbose=1
/usr/bin/cc      CMakeFiles/cmTC_a67e4.dir/CheckSymbolExists.c.o  -o cmTC_a67e4 
CMakeFiles/cmTC_a67e4.dir/CheckSymbolExists.c.o: In function `main':
CheckSymbolExists.c:(.text+0x1b): undefined reference to `pthread_create'
collect2: error: ld returned 1 exit status
CMakeFiles/cmTC_a67e4.dir/build.make:86: recipe for target 'cmTC_a67e4' failed
make[2]: *** [cmTC_a67e4] Error 1
make[2]: Leaving directory '/home/iristich/CLionProjects/PlayingWithGtest/cmake-build-debug/CMakeFiles/CMakeTmp'
Makefile:121: recipe for target 'cmTC_a67e4/fast' failed
make[1]: *** [cmTC_a67e4/fast] Error 2
make[1]: Leaving directory '/home/iristich/CLionProjects/PlayingWithGtest/cmake-build-debug/CMakeFiles/CMakeTmp'

File /home/iristich/CLionProjects/PlayingWithGtest/cmake-build-debug/CMakeFiles/CMakeTmp/CheckSymbolExists.c:
/* */
#include <pthread.h>

int main(int argc, char** argv)
{
  (void)argv;
#ifndef pthread_create
  return ((int*)(&pthread_create))[argc];
#else
  (void)argc;
  return 0;
#endif
}

Determining if the function pthread_create exists in the pthreads failed with the following output:
Change Dir: /home/iristich/CLionProjects/PlayingWithGtest/cmake-build-debug/CMakeFiles/CMakeTmp

Run Build Command:"/usr/bin/make" "cmTC_6ec5a/fast"
make[1]: Entering directory '/home/iristich/CLionProjects/PlayingWithGtest/cmake-build-debug/CMakeFiles/CMakeTmp'
/usr/bin/make -f CMakeFiles/cmTC_6ec5a.dir/build.make CMakeFiles/cmTC_6ec5a.dir/build
make[2]: Entering directory '/home/iristich/CLionProjects/PlayingWithGtest/cmake-build-debug/CMakeFiles/CMakeTmp'
Building C object CMakeFiles/cmTC_6ec5a.dir/CheckFunctionExists.c.o
/usr/bin/cc   -DCHECK_FUNCTION_EXISTS=pthread_create   -o CMakeFiles/cmTC_6ec5a.dir/CheckFunctionExists.c.o   -c /opt/clion-2018.2/bin/cmake/linux/share/cmake-3.12/Modules/CheckFunctionExists.c
Linking C executable cmTC_6ec5a
/opt/clion-2018.2/bin/cmake/linux/bin/cmake -E cmake_link_script CMakeFiles/cmTC_6ec5a.dir/link.txt --verbose=1
/usr/bin/cc  -DCHECK_FUNCTION_EXISTS=pthread_create    CMakeFiles/cmTC_6ec5a.dir/CheckFunctionExists.c.o  -o cmTC_6ec5a -lpthreads 
/usr/bin/x86_64-linux-gnu-ld: cannot find -lpthreads
collect2: error: ld returned 1 exit status
CMakeFiles/cmTC_6ec5a.dir/build.make:86: recipe for target 'cmTC_6ec5a' failed
make[2]: *** [cmTC_6ec5a] Error 1
make[2]: Leaving directory '/home/iristich/CLionProjects/PlayingWithGtest/cmake-build-debug/CMakeFiles/CMakeTmp'
Makefile:121: recipe for target 'cmTC_6ec5a/fast' failed
make[1]: *** [cmTC_6ec5a/fast] Error 2
make[1]: Leaving directory '/home/iristich/CLionProjects/PlayingWithGtest/cmake-build-debug/CMakeFiles/CMakeTmp'


